  Compiling CUDA source file cascade.cu...
  
  C:\Users\Shawn\google drive\visual studio 2013\Projects\408Final\408Final>"C:\Program Files\NVIDIA GPU Computing Toolkit\CUDA\v7.5\bin\nvcc.exe" -gencode=arch=compute_50,code=\"sm_50,compute_50\" -gencode=arch=compute_30,code=\"sm_30,compute_30\" --use-local-env --cl-version 2013 -ccbin "C:\Program Files (x86)\Microsoft Visual Studio 12.0\VC\bin\x86_amd64" -rdc=true -I"C:\Program Files\NVIDIA GPU Computing Toolkit\CUDA\v7.5\include" -I"C:\Program Files\NVIDIA GPU Computing Toolkit\CUDA\v7.5\include" --source-in-ptx -G -lineinfo  --keep-dir x64\Debug -maxrregcount=0  --machine 64 --compile -cudart static -Xcompiler "/openmp"  -g   -DWIN32 -DWIN64 -D_DEBUG -D_CONSOLE -D_MBCS -Xcompiler "/EHsc /W3 /nologo /Od /Zi /RTC1 /MTd /GR" -o x64\Debug\cascade.cu.obj "C:\Users\Shawn\google drive\visual studio 2013\Projects\408Final\408Final\cascade.cu" 
C:/Users/Shawn/google drive/visual studio 2013/Projects/408Final/408Final/cascade.cu(46): warning : variable "tmp" is used before its value is set
C:/Users/Shawn/google drive/visual studio 2013/Projects/408Final/408Final/cascade.cu(153): warning : variable "global_min_misclassified" was set but never used
C:/Users/Shawn/google drive/visual studio 2013/Projects/408Final/408Final/cascade.cu(46): warning : variable "tmp" is used before its value is set
C:/Users/Shawn/google drive/visual studio 2013/Projects/408Final/408Final/cascade.cu(153): warning : variable "global_min_misclassified" was set but never used
C:/Users/Shawn/google drive/visual studio 2013/Projects/408Final/408Final/cascade.cu(46): warning : variable "tmp" is used before its value is set
C:/Users/Shawn/google drive/visual studio 2013/Projects/408Final/408Final/cascade.cu(153): warning : variable "global_min_misclassified" was set but never used
C:/Users/Shawn/google drive/visual studio 2013/Projects/408Final/408Final/cascade.cu(46): warning : variable "tmp" is used before its value is set
C:/Users/Shawn/google drive/visual studio 2013/Projects/408Final/408Final/cascade.cu(153): warning : variable "global_min_misclassified" was set but never used
  cascade.cu
C:/Users/Shawn/google drive/visual studio 2013/Projects/408Final/408Final/cascade.cu(158): warning C4018: '<' : signed/unsigned mismatch
C:/Users/Shawn/google drive/visual studio 2013/Projects/408Final/408Final/cascade.cu(174): warning C4018: '<' : signed/unsigned mismatch
C:/Users/Shawn/google drive/visual studio 2013/Projects/408Final/408Final/cascade.cu(339): warning C4244: 'argument' : conversion from 'double' to 'unsigned int', possible loss of data
C:/Users/Shawn/google drive/visual studio 2013/Projects/408Final/408Final/cascade.cu(399): warning C4018: '<' : signed/unsigned mismatch
C:/Users/Shawn/google drive/visual studio 2013/Projects/408Final/408Final/cascade.cu(401): warning C4244: '=' : conversion from 'double' to 'float', possible loss of data
C:/Users/Shawn/google drive/visual studio 2013/Projects/408Final/408Final/cascade.cu(411): warning C4018: '<' : signed/unsigned mismatch
C:/Users/Shawn/google drive/visual studio 2013/Projects/408Final/408Final/cascade.cu(415): warning C4018: '<' : signed/unsigned mismatch
C:/Users/Shawn/google drive/visual studio 2013/Projects/408Final/408Final/cascade.cu(461): warning C4018: '<' : signed/unsigned mismatch
C:/Users/Shawn/google drive/visual studio 2013/Projects/408Final/408Final/cascade.cu(467): warning C4244: '*=' : conversion from 'double' to 'float', possible loss of data
C:/Users/Shawn/google drive/visual studio 2013/Projects/408Final/408Final/cascade.cu(471): warning C4244: '*=' : conversion from 'double' to 'float', possible loss of data
C:/Users/Shawn/google drive/visual studio 2013/Projects/408Final/408Final/cascade.cu(478): warning C4244: '*=' : conversion from 'double' to 'float', possible loss of data
C:/Users/Shawn/google drive/visual studio 2013/Projects/408Final/408Final/cascade.cu(482): warning C4244: '*=' : conversion from 'double' to 'float', possible loss of data
C:/Users/Shawn/google drive/visual studio 2013/Projects/408Final/408Final/cascade.cu(523): warning C4018: '<' : signed/unsigned mismatch
C:/Users/Shawn/google drive/visual studio 2013/Projects/408Final/408Final/cascade.cu(525): warning C4244: '=' : conversion from 'double' to 'float', possible loss of data
C:/Users/Shawn/google drive/visual studio 2013/Projects/408Final/408Final/cascade.cu(535): warning C4018: '<' : signed/unsigned mismatch
C:/Users/Shawn/google drive/visual studio 2013/Projects/408Final/408Final/cascade.cu(539): warning C4018: '<' : signed/unsigned mismatch
C:/Users/Shawn/google drive/visual studio 2013/Projects/408Final/408Final/cascade.cu(550): warning C4018: '<' : signed/unsigned mismatch
C:/Users/Shawn/google drive/visual studio 2013/Projects/408Final/408Final/cascade.cu(556): warning C4244: '*=' : conversion from 'double' to 'float', possible loss of data
C:/Users/Shawn/google drive/visual studio 2013/Projects/408Final/408Final/cascade.cu(560): warning C4244: '*=' : conversion from 'double' to 'float', possible loss of data
C:/Users/Shawn/google drive/visual studio 2013/Projects/408Final/408Final/cascade.cu(567): warning C4244: '*=' : conversion from 'double' to 'float', possible loss of data
C:/Users/Shawn/google drive/visual studio 2013/Projects/408Final/408Final/cascade.cu(571): warning C4244: '*=' : conversion from 'double' to 'float', possible loss of data
  
  C:\Users\Shawn\google drive\visual studio 2013\Projects\408Final\408Final>"C:\Program Files\NVIDIA GPU Computing Toolkit\CUDA\v7.5\bin\nvcc.exe" -dlink -o x64\Debug\408Final.device-link.obj -Xcompiler "/EHsc /W3 /nologo /Od /Zi /RTC1 /MTd /GR" -L"C:\Program Files\NVIDIA GPU Computing Toolkit\CUDA\v7.5\lib\x64" cudart.lib kernel32.lib user32.lib gdi32.lib winspool.lib comdlg32.lib advapi32.lib shell32.lib ole32.lib oleaut32.lib uuid.lib odbc32.lib odbccp32.lib  -gencode=arch=compute_50,code=sm_50 -gencode=arch=compute_30,code=sm_30 -G --machine 64 x64\Debug\cascade.cu.obj x64\Debug\dataloader.cu.obj x64\Debug\features.cu.obj x64\Debug\haarfinder.cu.obj x64\Debug\main.cu.obj x64\Debug\sat.cu.obj x64\Debug\serial_features.cu.obj 
  cudart.lib
  kernel32.lib
  user32.lib
  gdi32.lib
  winspool.lib
  comdlg32.lib
  advapi32.lib
  shell32.lib
  ole32.lib
  oleaut32.lib
  uuid.lib
  odbc32.lib
  odbccp32.lib
  cascade.cu.obj
  dataloader.cu.obj
  features.cu.obj
  haarfinder.cu.obj
  main.cu.obj
  sat.cu.obj
  serial_features.cu.obj
  408Final.vcxproj -> C:\Users\Shawn\google drive\visual studio 2013\Projects\408Final\x64\Debug\408Final.exe
  copy "C:\Program Files\NVIDIA GPU Computing Toolkit\CUDA\v7.5\bin\cudart*.dll" "C:\Users\Shawn\google drive\visual studio 2013\Projects\408Final\x64\Debug\"
  C:\Program Files\NVIDIA GPU Computing Toolkit\CUDA\v7.5\bin\cudart32_75.dll
  C:\Program Files\NVIDIA GPU Computing Toolkit\CUDA\v7.5\bin\cudart64_75.dll
          2 file(s) copied.
