c:\users\shawn\google drive\visual studio 2013\projects\408final\x64\release\408final.exe
c:\users\shawn\google drive\visual studio 2013\projects\408final\x64\release\408final.pdb
c:\users\shawn\google drive\visual studio 2013\projects\408final\408final\x64\release\cascade.cu.cache
c:\users\shawn\google drive\visual studio 2013\projects\408final\408final\x64\release\dataloader.cu.cache
c:\users\shawn\google drive\visual studio 2013\projects\408final\408final\x64\release\features.cu.cache
c:\users\shawn\google drive\visual studio 2013\projects\408final\408final\x64\release\haarfinder.cu.cache
c:\users\shawn\google drive\visual studio 2013\projects\408final\408final\x64\release\main.cu.cache
c:\users\shawn\google drive\visual studio 2013\projects\408final\408final\x64\release\sat.cu.cache
c:\users\shawn\google drive\visual studio 2013\projects\408final\408final\x64\release\serial_features.cu.cache
c:\users\shawn\google drive\visual studio 2013\projects\408final\408final\x64\release\408final.device-link.obj
c:\users\shawn\google drive\visual studio 2013\projects\408final\408final\x64\release\cascade.cu.obj
c:\users\shawn\google drive\visual studio 2013\projects\408final\408final\x64\release\dataloader.cu.obj
c:\users\shawn\google drive\visual studio 2013\projects\408final\408final\x64\release\features.cu.obj
c:\users\shawn\google drive\visual studio 2013\projects\408final\408final\x64\release\haarfinder.cu.obj
c:\users\shawn\google drive\visual studio 2013\projects\408final\408final\x64\release\main.cu.obj
c:\users\shawn\google drive\visual studio 2013\projects\408final\408final\x64\release\sat.cu.obj
c:\users\shawn\google drive\visual studio 2013\projects\408final\408final\x64\release\serial_features.cu.obj
c:\users\shawn\google drive\visual studio 2013\projects\408final\408final\x64\release\408final.tlog\link.command.1.tlog
c:\users\shawn\google drive\visual studio 2013\projects\408final\408final\x64\release\408final.tlog\link.read.1.tlog
c:\users\shawn\google drive\visual studio 2013\projects\408final\408final\x64\release\408final.tlog\link.write.1.tlog
